Build output check failed:
    Regex: 'argument .* is not valid'
    Output line: 'cc1: warning: ‘-Werror=’ argument ‘-Werror=non-virtual-dtor’ is not valid for C'
Compilation failed:
    source file: '/home/tomasz/studia/wbudowane/test3/qbr/build/CMakeFiles/CMakeTmp/src.c'
    check option: ' -fsigned-char -W -Wall -Werror=return-type  -Werror=non-virtual-dtor'
===== BUILD LOG =====
Change Dir: /home/tomasz/studia/wbudowane/test3/qbr/build/CMakeFiles/CMakeTmp

Run Build Command(s):/usr/bin/make cmTC_0780b/fast && /usr/bin/make -f CMakeFiles/cmTC_0780b.dir/build.make CMakeFiles/cmTC_0780b.dir/build
make[1]: Wejście do katalogu '/home/tomasz/studia/wbudowane/test3/qbr/build/CMakeFiles/CMakeTmp'
Building C object CMakeFiles/cmTC_0780b.dir/src.c.o
/usr/bin/cc   -O3 -DNDEBUG -fPIE    -fsigned-char -W -Wall -Werror=return-type  -Werror=non-virtual-dtor -o CMakeFiles/cmTC_0780b.dir/src.c.o   -c /home/tomasz/studia/wbudowane/test3/qbr/build/CMakeFiles/CMakeTmp/src.c
cc1: warning: ‘-Werror=’ argument ‘-Werror=non-virtual-dtor’ is not valid for C
/home/tomasz/studia/wbudowane/test3/qbr/build/CMakeFiles/CMakeTmp/src.c:1: warning: ignoring #pragma   [-Wunknown-pragmas]
    1 | #pragma
      | 
Linking C executable cmTC_0780b
/usr/bin/cmake -E cmake_link_script CMakeFiles/cmTC_0780b.dir/link.txt --verbose=1
/usr/bin/cc   -O3 -DNDEBUG    CMakeFiles/cmTC_0780b.dir/src.c.o  -o cmTC_0780b 
make[1]: Opuszczenie katalogu '/home/tomasz/studia/wbudowane/test3/qbr/build/CMakeFiles/CMakeTmp'


===== END =====

Build output check failed:
    Regex: 'command[- ]line option .* is valid for .* but not for C\+\+'
    Output line: 'cc1plus: warning: command line option ‘-Wmissing-prototypes’ is valid for C/ObjC but not for C++'
Compilation failed:
    source file: '/home/tomasz/studia/wbudowane/test3/qbr/build/CMakeFiles/CMakeTmp/src.cxx'
    check option: ' -fsigned-char -W -Wall -Werror=return-type -Werror=non-virtual-dtor -Werror=address -Werror=sequence-point -Wformat -Werror=format-security -Wmissing-declarations  -Wmissing-prototypes'
===== BUILD LOG =====
Change Dir: /home/tomasz/studia/wbudowane/test3/qbr/build/CMakeFiles/CMakeTmp

Run Build Command(s):/usr/bin/make cmTC_cf4a7/fast && /usr/bin/make -f CMakeFiles/cmTC_cf4a7.dir/build.make CMakeFiles/cmTC_cf4a7.dir/build
make[1]: Wejście do katalogu '/home/tomasz/studia/wbudowane/test3/qbr/build/CMakeFiles/CMakeTmp'
Building CXX object CMakeFiles/cmTC_cf4a7.dir/src.cxx.o
/usr/bin/c++    -O3 -DNDEBUG -fPIE    -fsigned-char -W -Wall -Werror=return-type -Werror=non-virtual-dtor -Werror=address -Werror=sequence-point -Wformat -Werror=format-security -Wmissing-declarations  -Wmissing-prototypes -std=c++11 -o CMakeFiles/cmTC_cf4a7.dir/src.cxx.o -c /home/tomasz/studia/wbudowane/test3/qbr/build/CMakeFiles/CMakeTmp/src.cxx
cc1plus: warning: command line option ‘-Wmissing-prototypes’ is valid for C/ObjC but not for C++
/home/tomasz/studia/wbudowane/test3/qbr/build/CMakeFiles/CMakeTmp/src.cxx:1: warning: ignoring #pragma   [-Wunknown-pragmas]
    1 | #pragma
      | 
Linking CXX executable cmTC_cf4a7
/usr/bin/cmake -E cmake_link_script CMakeFiles/cmTC_cf4a7.dir/link.txt --verbose=1
/usr/bin/c++    -O3 -DNDEBUG    CMakeFiles/cmTC_cf4a7.dir/src.cxx.o  -o cmTC_cf4a7 
make[1]: Opuszczenie katalogu '/home/tomasz/studia/wbudowane/test3/qbr/build/CMakeFiles/CMakeTmp'


===== END =====

Build output check failed:
    Regex: 'command[- ]line option .* is valid for .* but not for C\+\+'
    Output line: 'cc1plus: warning: command line option ‘-Wstrict-prototypes’ is valid for C/ObjC but not for C++'
Compilation failed:
    source file: '/home/tomasz/studia/wbudowane/test3/qbr/build/CMakeFiles/CMakeTmp/src.cxx'
    check option: ' -fsigned-char -W -Wall -Werror=return-type -Werror=non-virtual-dtor -Werror=address -Werror=sequence-point -Wformat -Werror=format-security -Wmissing-declarations  -Wstrict-prototypes'
===== BUILD LOG =====
Change Dir: /home/tomasz/studia/wbudowane/test3/qbr/build/CMakeFiles/CMakeTmp

Run Build Command(s):/usr/bin/make cmTC_0b865/fast && /usr/bin/make -f CMakeFiles/cmTC_0b865.dir/build.make CMakeFiles/cmTC_0b865.dir/build
make[1]: Wejście do katalogu '/home/tomasz/studia/wbudowane/test3/qbr/build/CMakeFiles/CMakeTmp'
Building CXX object CMakeFiles/cmTC_0b865.dir/src.cxx.o
/usr/bin/c++    -O3 -DNDEBUG -fPIE    -fsigned-char -W -Wall -Werror=return-type -Werror=non-virtual-dtor -Werror=address -Werror=sequence-point -Wformat -Werror=format-security -Wmissing-declarations  -Wstrict-prototypes -std=c++11 -o CMakeFiles/cmTC_0b865.dir/src.cxx.o -c /home/tomasz/studia/wbudowane/test3/qbr/build/CMakeFiles/CMakeTmp/src.cxx
cc1plus: warning: command line option ‘-Wstrict-prototypes’ is valid for C/ObjC but not for C++
/home/tomasz/studia/wbudowane/test3/qbr/build/CMakeFiles/CMakeTmp/src.cxx:1: warning: ignoring #pragma   [-Wunknown-pragmas]
    1 | #pragma
      | 
Linking CXX executable cmTC_0b865
/usr/bin/cmake -E cmake_link_script CMakeFiles/cmTC_0b865.dir/link.txt --verbose=1
/usr/bin/c++    -O3 -DNDEBUG    CMakeFiles/cmTC_0b865.dir/src.cxx.o  -o cmTC_0b865 
make[1]: Opuszczenie katalogu '/home/tomasz/studia/wbudowane/test3/qbr/build/CMakeFiles/CMakeTmp'


===== END =====

Build output check failed:
    Regex: 'command[- ]line option .* is valid for .* but not for C'
    Output line: 'cc1: warning: command line option ‘-Wsign-promo’ is valid for C++/ObjC++ but not for C'
Compilation failed:
    source file: '/home/tomasz/studia/wbudowane/test3/qbr/build/CMakeFiles/CMakeTmp/src.c'
    check option: ' -fsigned-char -W -Wall -Werror=return-type -Werror=address -Werror=sequence-point -Wformat -Werror=format-security -Wmissing-declarations -Wmissing-prototypes -Wstrict-prototypes -Wundef -Winit-self -Wpointer-arith -Wshadow  -Wsign-promo'
===== BUILD LOG =====
Change Dir: /home/tomasz/studia/wbudowane/test3/qbr/build/CMakeFiles/CMakeTmp

Run Build Command(s):/usr/bin/make cmTC_bd89e/fast && /usr/bin/make -f CMakeFiles/cmTC_bd89e.dir/build.make CMakeFiles/cmTC_bd89e.dir/build
make[1]: Wejście do katalogu '/home/tomasz/studia/wbudowane/test3/qbr/build/CMakeFiles/CMakeTmp'
Building C object CMakeFiles/cmTC_bd89e.dir/src.c.o
/usr/bin/cc   -O3 -DNDEBUG -fPIE    -fsigned-char -W -Wall -Werror=return-type -Werror=address -Werror=sequence-point -Wformat -Werror=format-security -Wmissing-declarations -Wmissing-prototypes -Wstrict-prototypes -Wundef -Winit-self -Wpointer-arith -Wshadow  -Wsign-promo -o CMakeFiles/cmTC_bd89e.dir/src.c.o   -c /home/tomasz/studia/wbudowane/test3/qbr/build/CMakeFiles/CMakeTmp/src.c
cc1: warning: command line option ‘-Wsign-promo’ is valid for C++/ObjC++ but not for C
/home/tomasz/studia/wbudowane/test3/qbr/build/CMakeFiles/CMakeTmp/src.c:1: warning: ignoring #pragma   [-Wunknown-pragmas]
    1 | #pragma
      | 
Linking C executable cmTC_bd89e
/usr/bin/cmake -E cmake_link_script CMakeFiles/cmTC_bd89e.dir/link.txt --verbose=1
/usr/bin/cc   -O3 -DNDEBUG    CMakeFiles/cmTC_bd89e.dir/src.c.o  -o cmTC_bd89e 
make[1]: Opuszczenie katalogu '/home/tomasz/studia/wbudowane/test3/qbr/build/CMakeFiles/CMakeTmp'


===== END =====

Build output check failed:
    Regex: 'command[- ]line option .* is valid for .* but not for C'
    Output line: 'cc1: warning: command line option ‘-Wsuggest-override’ is valid for C++/ObjC++ but not for C'
Compilation failed:
    source file: '/home/tomasz/studia/wbudowane/test3/qbr/build/CMakeFiles/CMakeTmp/src.c'
    check option: ' -fsigned-char -W -Wall -Werror=return-type -Werror=address -Werror=sequence-point -Wformat -Werror=format-security -Wmissing-declarations -Wmissing-prototypes -Wstrict-prototypes -Wundef -Winit-self -Wpointer-arith -Wshadow -Wuninitialized  -Wsuggest-override'
===== BUILD LOG =====
Change Dir: /home/tomasz/studia/wbudowane/test3/qbr/build/CMakeFiles/CMakeTmp

Run Build Command(s):/usr/bin/make cmTC_06d0a/fast && /usr/bin/make -f CMakeFiles/cmTC_06d0a.dir/build.make CMakeFiles/cmTC_06d0a.dir/build
make[1]: Wejście do katalogu '/home/tomasz/studia/wbudowane/test3/qbr/build/CMakeFiles/CMakeTmp'
Building C object CMakeFiles/cmTC_06d0a.dir/src.c.o
/usr/bin/cc   -O3 -DNDEBUG -fPIE    -fsigned-char -W -Wall -Werror=return-type -Werror=address -Werror=sequence-point -Wformat -Werror=format-security -Wmissing-declarations -Wmissing-prototypes -Wstrict-prototypes -Wundef -Winit-self -Wpointer-arith -Wshadow -Wuninitialized  -Wsuggest-override -o CMakeFiles/cmTC_06d0a.dir/src.c.o   -c /home/tomasz/studia/wbudowane/test3/qbr/build/CMakeFiles/CMakeTmp/src.c
cc1: warning: command line option ‘-Wsuggest-override’ is valid for C++/ObjC++ but not for C
/home/tomasz/studia/wbudowane/test3/qbr/build/CMakeFiles/CMakeTmp/src.c:1: warning: ignoring #pragma   [-Wunknown-pragmas]
    1 | #pragma
      | 
Linking C executable cmTC_06d0a
/usr/bin/cmake -E cmake_link_script CMakeFiles/cmTC_06d0a.dir/link.txt --verbose=1
/usr/bin/cc   -O3 -DNDEBUG    CMakeFiles/cmTC_06d0a.dir/src.c.o  -o cmTC_06d0a 
make[1]: Opuszczenie katalogu '/home/tomasz/studia/wbudowane/test3/qbr/build/CMakeFiles/CMakeTmp'


===== END =====

Build output check failed:
    Regex: 'command[- ]line option .* is valid for .* but not for C'
    Output line: 'cc1: warning: command line option ‘-Wno-delete-non-virtual-dtor’ is valid for C++/ObjC++ but not for C'
Compilation failed:
    source file: '/home/tomasz/studia/wbudowane/test3/qbr/build/CMakeFiles/CMakeTmp/src.c'
    check option: ' -fsigned-char -W -Wall -Werror=return-type -Werror=address -Werror=sequence-point -Wformat -Werror=format-security -Wmissing-declarations -Wmissing-prototypes -Wstrict-prototypes -Wundef -Winit-self -Wpointer-arith -Wshadow -Wuninitialized  -Wno-delete-non-virtual-dtor'
===== BUILD LOG =====
Change Dir: /home/tomasz/studia/wbudowane/test3/qbr/build/CMakeFiles/CMakeTmp

Run Build Command(s):/usr/bin/make cmTC_596f1/fast && /usr/bin/make -f CMakeFiles/cmTC_596f1.dir/build.make CMakeFiles/cmTC_596f1.dir/build
make[1]: Wejście do katalogu '/home/tomasz/studia/wbudowane/test3/qbr/build/CMakeFiles/CMakeTmp'
Building C object CMakeFiles/cmTC_596f1.dir/src.c.o
/usr/bin/cc   -O3 -DNDEBUG -fPIE    -fsigned-char -W -Wall -Werror=return-type -Werror=address -Werror=sequence-point -Wformat -Werror=format-security -Wmissing-declarations -Wmissing-prototypes -Wstrict-prototypes -Wundef -Winit-self -Wpointer-arith -Wshadow -Wuninitialized  -Wno-delete-non-virtual-dtor -o CMakeFiles/cmTC_596f1.dir/src.c.o   -c /home/tomasz/studia/wbudowane/test3/qbr/build/CMakeFiles/CMakeTmp/src.c
cc1: warning: command line option ‘-Wno-delete-non-virtual-dtor’ is valid for C++/ObjC++ but not for C
/home/tomasz/studia/wbudowane/test3/qbr/build/CMakeFiles/CMakeTmp/src.c:1: warning: ignoring #pragma   [-Wunknown-pragmas]
    1 | #pragma
      | 
Linking C executable cmTC_596f1
/usr/bin/cmake -E cmake_link_script CMakeFiles/cmTC_596f1.dir/link.txt --verbose=1
/usr/bin/cc   -O3 -DNDEBUG    CMakeFiles/cmTC_596f1.dir/src.c.o  -o cmTC_596f1 
make[1]: Opuszczenie katalogu '/home/tomasz/studia/wbudowane/test3/qbr/build/CMakeFiles/CMakeTmp'


===== END =====

Build output check failed:
    Regex: 'unrecognized .*option'
    Output line: 'cc1plus: warning: unrecognized command line option ‘-Wno-unnamed-type-template-args’'
Compilation failed:
    source file: '/home/tomasz/studia/wbudowane/test3/qbr/build/CMakeFiles/CMakeTmp/src.cxx'
    check option: ' -fsigned-char -W -Wall -Werror=return-type -Werror=non-virtual-dtor -Werror=address -Werror=sequence-point -Wformat -Werror=format-security -Wmissing-declarations -Wundef -Winit-self -Wpointer-arith -Wshadow -Wsign-promo -Wuninitialized -Wsuggest-override -Wno-delete-non-virtual-dtor  -Wno-unnamed-type-template-args'
===== BUILD LOG =====
Change Dir: /home/tomasz/studia/wbudowane/test3/qbr/build/CMakeFiles/CMakeTmp

Run Build Command(s):/usr/bin/make cmTC_c5500/fast && /usr/bin/make -f CMakeFiles/cmTC_c5500.dir/build.make CMakeFiles/cmTC_c5500.dir/build
make[1]: Wejście do katalogu '/home/tomasz/studia/wbudowane/test3/qbr/build/CMakeFiles/CMakeTmp'
Building CXX object CMakeFiles/cmTC_c5500.dir/src.cxx.o
/usr/bin/c++    -O3 -DNDEBUG -fPIE    -fsigned-char -W -Wall -Werror=return-type -Werror=non-virtual-dtor -Werror=address -Werror=sequence-point -Wformat -Werror=format-security -Wmissing-declarations -Wundef -Winit-self -Wpointer-arith -Wshadow -Wsign-promo -Wuninitialized -Wsuggest-override -Wno-delete-non-virtual-dtor  -Wno-unnamed-type-template-args -std=c++11 -o CMakeFiles/cmTC_c5500.dir/src.cxx.o -c /home/tomasz/studia/wbudowane/test3/qbr/build/CMakeFiles/CMakeTmp/src.cxx
/home/tomasz/studia/wbudowane/test3/qbr/build/CMakeFiles/CMakeTmp/src.cxx:1: warning: ignoring #pragma   [-Wunknown-pragmas]
    1 | #pragma
      | 
cc1plus: warning: unrecognized command line option ‘-Wno-unnamed-type-template-args’
Linking CXX executable cmTC_c5500
/usr/bin/cmake -E cmake_link_script CMakeFiles/cmTC_c5500.dir/link.txt --verbose=1
/usr/bin/c++    -O3 -DNDEBUG    CMakeFiles/cmTC_c5500.dir/src.cxx.o  -o cmTC_c5500 
make[1]: Opuszczenie katalogu '/home/tomasz/studia/wbudowane/test3/qbr/build/CMakeFiles/CMakeTmp'


===== END =====

Build output check failed:
    Regex: 'unrecognized .*option'
    Output line: 'cc1: warning: unrecognized command line option ‘-Wno-unnamed-type-template-args’'
Compilation failed:
    source file: '/home/tomasz/studia/wbudowane/test3/qbr/build/CMakeFiles/CMakeTmp/src.c'
    check option: ' -fsigned-char -W -Wall -Werror=return-type -Werror=address -Werror=sequence-point -Wformat -Werror=format-security -Wmissing-declarations -Wmissing-prototypes -Wstrict-prototypes -Wundef -Winit-self -Wpointer-arith -Wshadow -Wuninitialized  -Wno-unnamed-type-template-args'
===== BUILD LOG =====
Change Dir: /home/tomasz/studia/wbudowane/test3/qbr/build/CMakeFiles/CMakeTmp

Run Build Command(s):/usr/bin/make cmTC_066f1/fast && /usr/bin/make -f CMakeFiles/cmTC_066f1.dir/build.make CMakeFiles/cmTC_066f1.dir/build
make[1]: Wejście do katalogu '/home/tomasz/studia/wbudowane/test3/qbr/build/CMakeFiles/CMakeTmp'
Building C object CMakeFiles/cmTC_066f1.dir/src.c.o
/usr/bin/cc   -O3 -DNDEBUG -fPIE    -fsigned-char -W -Wall -Werror=return-type -Werror=address -Werror=sequence-point -Wformat -Werror=format-security -Wmissing-declarations -Wmissing-prototypes -Wstrict-prototypes -Wundef -Winit-self -Wpointer-arith -Wshadow -Wuninitialized  -Wno-unnamed-type-template-args -o CMakeFiles/cmTC_066f1.dir/src.c.o   -c /home/tomasz/studia/wbudowane/test3/qbr/build/CMakeFiles/CMakeTmp/src.c
/home/tomasz/studia/wbudowane/test3/qbr/build/CMakeFiles/CMakeTmp/src.c:1: warning: ignoring #pragma   [-Wunknown-pragmas]
    1 | #pragma
      | 
cc1: warning: unrecognized command line option ‘-Wno-unnamed-type-template-args’
Linking C executable cmTC_066f1
/usr/bin/cmake -E cmake_link_script CMakeFiles/cmTC_066f1.dir/link.txt --verbose=1
/usr/bin/cc   -O3 -DNDEBUG    CMakeFiles/cmTC_066f1.dir/src.c.o  -o cmTC_066f1 
make[1]: Opuszczenie katalogu '/home/tomasz/studia/wbudowane/test3/qbr/build/CMakeFiles/CMakeTmp'


===== END =====

Build output check failed:
    Regex: 'command[- ]line option .* is valid for .* but not for C'
    Output line: 'cc1: warning: command line option ‘-fvisibility-inlines-hidden’ is valid for C++/ObjC++ but not for C'
Compilation failed:
    source file: '/home/tomasz/studia/wbudowane/test3/qbr/build/CMakeFiles/CMakeTmp/src.c'
    check option: ' -fsigned-char -W -Wall -Werror=return-type -Werror=address -Werror=sequence-point -Wformat -Werror=format-security -Wmissing-declarations -Wmissing-prototypes -Wstrict-prototypes -Wundef -Winit-self -Wpointer-arith -Wshadow -Wuninitialized -Wno-comment -Wimplicit-fallthrough=3 -Wno-strict-overflow -fdiagnostics-show-option -Wno-long-long -pthread -fomit-frame-pointer -ffunction-sections -fdata-sections  -msse -msse2 -msse3 -fvisibility=hidden  -fvisibility-inlines-hidden'
===== BUILD LOG =====
Change Dir: /home/tomasz/studia/wbudowane/test3/qbr/build/CMakeFiles/CMakeTmp

Run Build Command(s):/usr/bin/make cmTC_66096/fast && /usr/bin/make -f CMakeFiles/cmTC_66096.dir/build.make CMakeFiles/cmTC_66096.dir/build
make[1]: Wejście do katalogu '/home/tomasz/studia/wbudowane/test3/qbr/build/CMakeFiles/CMakeTmp'
Building C object CMakeFiles/cmTC_66096.dir/src.c.o
/usr/bin/cc   -O3 -DNDEBUG -fPIE    -fsigned-char -W -Wall -Werror=return-type -Werror=address -Werror=sequence-point -Wformat -Werror=format-security -Wmissing-declarations -Wmissing-prototypes -Wstrict-prototypes -Wundef -Winit-self -Wpointer-arith -Wshadow -Wuninitialized -Wno-comment -Wimplicit-fallthrough=3 -Wno-strict-overflow -fdiagnostics-show-option -Wno-long-long -pthread -fomit-frame-pointer -ffunction-sections -fdata-sections  -msse -msse2 -msse3 -fvisibility=hidden  -fvisibility-inlines-hidden -o CMakeFiles/cmTC_66096.dir/src.c.o   -c /home/tomasz/studia/wbudowane/test3/qbr/build/CMakeFiles/CMakeTmp/src.c
cc1: warning: command line option ‘-fvisibility-inlines-hidden’ is valid for C++/ObjC++ but not for C
/home/tomasz/studia/wbudowane/test3/qbr/build/CMakeFiles/CMakeTmp/src.c:1: warning: ignoring #pragma   [-Wunknown-pragmas]
    1 | #pragma
      | 
Linking C executable cmTC_66096
/usr/bin/cmake -E cmake_link_script CMakeFiles/cmTC_66096.dir/link.txt --verbose=1
/usr/bin/cc   -O3 -DNDEBUG    CMakeFiles/cmTC_66096.dir/src.c.o  -o cmTC_66096 
make[1]: Opuszczenie katalogu '/home/tomasz/studia/wbudowane/test3/qbr/build/CMakeFiles/CMakeTmp'


===== END =====

Build output check failed:
    Regex: 'unrecognized .*option'
    Output line: 'cc1: warning: unrecognized command line option ‘-Wno-shorten-64-to-32’'
Compilation failed:
    source file: '/home/tomasz/studia/wbudowane/test3/qbr/build/CMakeFiles/CMakeTmp/src.c'
    check option: ' -Wno-shorten-64-to-32'
===== BUILD LOG =====
Change Dir: /home/tomasz/studia/wbudowane/test3/qbr/build/CMakeFiles/CMakeTmp

Run Build Command(s):/usr/bin/make cmTC_caa54/fast && /usr/bin/make -f CMakeFiles/cmTC_caa54.dir/build.make CMakeFiles/cmTC_caa54.dir/build
make[1]: Wejście do katalogu '/home/tomasz/studia/wbudowane/test3/qbr/build/CMakeFiles/CMakeTmp'
Building C object CMakeFiles/cmTC_caa54.dir/src.c.o
/usr/bin/cc   -fsigned-char -W -Wall -Werror=return-type -Werror=address -Werror=sequence-point -Wformat -Werror=format-security -Wmissing-declarations -Wmissing-prototypes -Wstrict-prototypes -Wundef -Winit-self -Wpointer-arith -Wshadow -Wuninitialized -Wno-comment -Wimplicit-fallthrough=3 -Wno-strict-overflow -fdiagnostics-show-option -Wno-long-long -pthread -fomit-frame-pointer -ffunction-sections -fdata-sections  -msse -msse2 -msse3 -fvisibility=hidden -Wno-unused-parameter -Wno-sign-compare  -O3 -DNDEBUG  -DNDEBUG -fPIE    -Wno-shorten-64-to-32 -o CMakeFiles/cmTC_caa54.dir/src.c.o   -c /home/tomasz/studia/wbudowane/test3/qbr/build/CMakeFiles/CMakeTmp/src.c
/home/tomasz/studia/wbudowane/test3/qbr/build/CMakeFiles/CMakeTmp/src.c:1: warning: ignoring #pragma   [-Wunknown-pragmas]
    1 | #pragma
      | 
cc1: warning: unrecognized command line option ‘-Wno-shorten-64-to-32’
Linking C executable cmTC_caa54
/usr/bin/cmake -E cmake_link_script CMakeFiles/cmTC_caa54.dir/link.txt --verbose=1
/usr/bin/cc    -fsigned-char -W -Wall -Werror=return-type -Werror=address -Werror=sequence-point -Wformat -Werror=format-security -Wmissing-declarations -Wmissing-prototypes -Wstrict-prototypes -Wundef -Winit-self -Wpointer-arith -Wshadow -Wuninitialized -Wno-comment -Wimplicit-fallthrough=3 -Wno-strict-overflow -fdiagnostics-show-option -Wno-long-long -pthread -fomit-frame-pointer -ffunction-sections -fdata-sections  -msse -msse2 -msse3 -fvisibility=hidden -Wno-unused-parameter -Wno-sign-compare  -O3 -DNDEBUG  -DNDEBUG    -Wl,--gc-sections -Wl,--as-needed  CMakeFiles/cmTC_caa54.dir/src.c.o  -o cmTC_caa54 
make[1]: Opuszczenie katalogu '/home/tomasz/studia/wbudowane/test3/qbr/build/CMakeFiles/CMakeTmp'


===== END =====

Determining if the include file io.h exists failed with the following output:
Change Dir: /home/tomasz/studia/wbudowane/test3/qbr/build/CMakeFiles/CMakeTmp

Run Build Command(s):/usr/bin/make cmTC_8a71a/fast && /usr/bin/make -f CMakeFiles/cmTC_8a71a.dir/build.make CMakeFiles/cmTC_8a71a.dir/build
make[1]: Wejście do katalogu '/home/tomasz/studia/wbudowane/test3/qbr/build/CMakeFiles/CMakeTmp'
Building C object CMakeFiles/cmTC_8a71a.dir/CheckIncludeFile.c.o
/usr/bin/cc   -fsigned-char -W -Wall -Werror=return-type -Werror=address -Werror=sequence-point -Wformat -Werror=format-security -Wmissing-declarations -Wmissing-prototypes -Wstrict-prototypes -Wundef -Winit-self -Wpointer-arith -Wshadow -Wuninitialized -Wno-comment -Wimplicit-fallthrough=3 -Wno-strict-overflow -fdiagnostics-show-option -Wno-long-long -pthread -fomit-frame-pointer -ffunction-sections -fdata-sections  -msse -msse2 -msse3 -fvisibility=hidden  -O3 -DNDEBUG  -DNDEBUG -fPIE   -o CMakeFiles/cmTC_8a71a.dir/CheckIncludeFile.c.o   -c /home/tomasz/studia/wbudowane/test3/qbr/build/CMakeFiles/CMakeTmp/CheckIncludeFile.c
/home/tomasz/studia/wbudowane/test3/qbr/build/CMakeFiles/CMakeTmp/CheckIncludeFile.c:1:10: fatal error: io.h: Nie ma takiego pliku ani katalogu
    1 | #include <io.h>
      |          ^~~~~~
compilation terminated.
make[1]: *** [CMakeFiles/cmTC_8a71a.dir/build.make:66: CMakeFiles/cmTC_8a71a.dir/CheckIncludeFile.c.o] Błąd 1
make[1]: Opuszczenie katalogu '/home/tomasz/studia/wbudowane/test3/qbr/build/CMakeFiles/CMakeTmp'
make: *** [Makefile:121: cmTC_8a71a/fast] Błąd 2



Determining size of INT8 failed with the following output:
Change Dir: /home/tomasz/studia/wbudowane/test3/qbr/build/CMakeFiles/CMakeTmp

Run Build Command(s):/usr/bin/make cmTC_c0c41/fast && /usr/bin/make -f CMakeFiles/cmTC_c0c41.dir/build.make CMakeFiles/cmTC_c0c41.dir/build
make[1]: Wejście do katalogu '/home/tomasz/studia/wbudowane/test3/qbr/build/CMakeFiles/CMakeTmp'
Building C object CMakeFiles/cmTC_c0c41.dir/int8.c.o
/usr/bin/cc   -fsigned-char -W -Wall -Werror=return-type -Werror=address -Werror=sequence-point -Wformat -Werror=format-security -Wmissing-declarations -Wmissing-prototypes -Wstrict-prototypes -Wundef -Winit-self -Wpointer-arith -Wshadow -Wuninitialized -Wno-comment -Wimplicit-fallthrough=3 -Wno-strict-overflow -fdiagnostics-show-option -Wno-long-long -pthread -fomit-frame-pointer -ffunction-sections -fdata-sections  -msse -msse2 -msse3 -fvisibility=hidden  -O3 -DNDEBUG  -DNDEBUG -fPIE   -o CMakeFiles/cmTC_c0c41.dir/int8.c.o   -c /home/tomasz/studia/wbudowane/test3/qbr/build/CMakeFiles/CheckTypeSize/int8.c
/home/tomasz/studia/wbudowane/test3/qbr/build/CMakeFiles/CheckTypeSize/int8.c:23:22: error: ‘INT8’ undeclared here (not in a function); did you mean ‘INT8_C’?
   23 | #define SIZE (sizeof(INT8))
      |                      ^~~~
/home/tomasz/studia/wbudowane/test3/qbr/build/CMakeFiles/CheckTypeSize/int8.c:25:12: note: in expansion of macro ‘SIZE’
   25 |   ('0' + ((SIZE / 10000)%10)),
      |            ^~~~
make[1]: *** [CMakeFiles/cmTC_c0c41.dir/build.make:66: CMakeFiles/cmTC_c0c41.dir/int8.c.o] Błąd 1
make[1]: Opuszczenie katalogu '/home/tomasz/studia/wbudowane/test3/qbr/build/CMakeFiles/CMakeTmp'
make: *** [Makefile:121: cmTC_c0c41/fast] Błąd 2


/home/tomasz/studia/wbudowane/test3/qbr/build/CMakeFiles/CheckTypeSize/int8.c:
#include <sys/types.h>
#include <stdint.h>
#include <stddef.h>


#undef KEY
#if defined(__i386)
# define KEY '_','_','i','3','8','6'
#elif defined(__x86_64)
# define KEY '_','_','x','8','6','_','6','4'
#elif defined(__ppc__)
# define KEY '_','_','p','p','c','_','_'
#elif defined(__ppc64__)
# define KEY '_','_','p','p','c','6','4','_','_'
#elif defined(__aarch64__)
# define KEY '_','_','a','a','r','c','h','6','4','_','_'
#elif defined(__ARM_ARCH_7A__)
# define KEY '_','_','A','R','M','_','A','R','C','H','_','7','A','_','_'
#elif defined(__ARM_ARCH_7S__)
# define KEY '_','_','A','R','M','_','A','R','C','H','_','7','S','_','_'
#endif

#define SIZE (sizeof(INT8))
static char info_size[] =  {'I', 'N', 'F', 'O', ':', 's','i','z','e','[',
  ('0' + ((SIZE / 10000)%10)),
  ('0' + ((SIZE / 1000)%10)),
  ('0' + ((SIZE / 100)%10)),
  ('0' + ((SIZE / 10)%10)),
  ('0' +  (SIZE    % 10)),
  ']',
#ifdef KEY
  ' ','k','e','y','[', KEY, ']',
#endif
  '\0'};

#ifdef __CLASSIC_C__
int main(argc, argv) int argc; char *argv[];
#else
int main(int argc, char *argv[])
#endif
{
  int require = 0;
  require += info_size[argc];
  (void)argv;
  return require;
}


Determining size of INT16 failed with the following output:
Change Dir: /home/tomasz/studia/wbudowane/test3/qbr/build/CMakeFiles/CMakeTmp

Run Build Command(s):/usr/bin/make cmTC_f2c6f/fast && /usr/bin/make -f CMakeFiles/cmTC_f2c6f.dir/build.make CMakeFiles/cmTC_f2c6f.dir/build
make[1]: Wejście do katalogu '/home/tomasz/studia/wbudowane/test3/qbr/build/CMakeFiles/CMakeTmp'
Building C object CMakeFiles/cmTC_f2c6f.dir/int16.c.o
/usr/bin/cc   -fsigned-char -W -Wall -Werror=return-type -Werror=address -Werror=sequence-point -Wformat -Werror=format-security -Wmissing-declarations -Wmissing-prototypes -Wstrict-prototypes -Wundef -Winit-self -Wpointer-arith -Wshadow -Wuninitialized -Wno-comment -Wimplicit-fallthrough=3 -Wno-strict-overflow -fdiagnostics-show-option -Wno-long-long -pthread -fomit-frame-pointer -ffunction-sections -fdata-sections  -msse -msse2 -msse3 -fvisibility=hidden  -O3 -DNDEBUG  -DNDEBUG -fPIE   -o CMakeFiles/cmTC_f2c6f.dir/int16.c.o   -c /home/tomasz/studia/wbudowane/test3/qbr/build/CMakeFiles/CheckTypeSize/int16.c
/home/tomasz/studia/wbudowane/test3/qbr/build/CMakeFiles/CheckTypeSize/int16.c:23:22: error: ‘INT16’ undeclared here (not in a function); did you mean ‘INT16_C’?
   23 | #define SIZE (sizeof(INT16))
      |                      ^~~~~
/home/tomasz/studia/wbudowane/test3/qbr/build/CMakeFiles/CheckTypeSize/int16.c:25:12: note: in expansion of macro ‘SIZE’
   25 |   ('0' + ((SIZE / 10000)%10)),
      |            ^~~~
make[1]: *** [CMakeFiles/cmTC_f2c6f.dir/build.make:66: CMakeFiles/cmTC_f2c6f.dir/int16.c.o] Błąd 1
make[1]: Opuszczenie katalogu '/home/tomasz/studia/wbudowane/test3/qbr/build/CMakeFiles/CMakeTmp'
make: *** [Makefile:121: cmTC_f2c6f/fast] Błąd 2


/home/tomasz/studia/wbudowane/test3/qbr/build/CMakeFiles/CheckTypeSize/int16.c:
#include <sys/types.h>
#include <stdint.h>
#include <stddef.h>


#undef KEY
#if defined(__i386)
# define KEY '_','_','i','3','8','6'
#elif defined(__x86_64)
# define KEY '_','_','x','8','6','_','6','4'
#elif defined(__ppc__)
# define KEY '_','_','p','p','c','_','_'
#elif defined(__ppc64__)
# define KEY '_','_','p','p','c','6','4','_','_'
#elif defined(__aarch64__)
# define KEY '_','_','a','a','r','c','h','6','4','_','_'
#elif defined(__ARM_ARCH_7A__)
# define KEY '_','_','A','R','M','_','A','R','C','H','_','7','A','_','_'
#elif defined(__ARM_ARCH_7S__)
# define KEY '_','_','A','R','M','_','A','R','C','H','_','7','S','_','_'
#endif

#define SIZE (sizeof(INT16))
static char info_size[] =  {'I', 'N', 'F', 'O', ':', 's','i','z','e','[',
  ('0' + ((SIZE / 10000)%10)),
  ('0' + ((SIZE / 1000)%10)),
  ('0' + ((SIZE / 100)%10)),
  ('0' + ((SIZE / 10)%10)),
  ('0' +  (SIZE    % 10)),
  ']',
#ifdef KEY
  ' ','k','e','y','[', KEY, ']',
#endif
  '\0'};

#ifdef __CLASSIC_C__
int main(argc, argv) int argc; char *argv[];
#else
int main(int argc, char *argv[])
#endif
{
  int require = 0;
  require += info_size[argc];
  (void)argv;
  return require;
}


Determining size of INT32 failed with the following output:
Change Dir: /home/tomasz/studia/wbudowane/test3/qbr/build/CMakeFiles/CMakeTmp

Run Build Command(s):/usr/bin/make cmTC_ee896/fast && /usr/bin/make -f CMakeFiles/cmTC_ee896.dir/build.make CMakeFiles/cmTC_ee896.dir/build
make[1]: Wejście do katalogu '/home/tomasz/studia/wbudowane/test3/qbr/build/CMakeFiles/CMakeTmp'
Building C object CMakeFiles/cmTC_ee896.dir/int32.c.o
/usr/bin/cc   -fsigned-char -W -Wall -Werror=return-type -Werror=address -Werror=sequence-point -Wformat -Werror=format-security -Wmissing-declarations -Wmissing-prototypes -Wstrict-prototypes -Wundef -Winit-self -Wpointer-arith -Wshadow -Wuninitialized -Wno-comment -Wimplicit-fallthrough=3 -Wno-strict-overflow -fdiagnostics-show-option -Wno-long-long -pthread -fomit-frame-pointer -ffunction-sections -fdata-sections  -msse -msse2 -msse3 -fvisibility=hidden  -O3 -DNDEBUG  -DNDEBUG -fPIE   -o CMakeFiles/cmTC_ee896.dir/int32.c.o   -c /home/tomasz/studia/wbudowane/test3/qbr/build/CMakeFiles/CheckTypeSize/int32.c
/home/tomasz/studia/wbudowane/test3/qbr/build/CMakeFiles/CheckTypeSize/int32.c:23:22: error: ‘INT32’ undeclared here (not in a function); did you mean ‘INT32_C’?
   23 | #define SIZE (sizeof(INT32))
      |                      ^~~~~
/home/tomasz/studia/wbudowane/test3/qbr/build/CMakeFiles/CheckTypeSize/int32.c:25:12: note: in expansion of macro ‘SIZE’
   25 |   ('0' + ((SIZE / 10000)%10)),
      |            ^~~~
make[1]: *** [CMakeFiles/cmTC_ee896.dir/build.make:66: CMakeFiles/cmTC_ee896.dir/int32.c.o] Błąd 1
make[1]: Opuszczenie katalogu '/home/tomasz/studia/wbudowane/test3/qbr/build/CMakeFiles/CMakeTmp'
make: *** [Makefile:121: cmTC_ee896/fast] Błąd 2


/home/tomasz/studia/wbudowane/test3/qbr/build/CMakeFiles/CheckTypeSize/int32.c:
#include <sys/types.h>
#include <stdint.h>
#include <stddef.h>


#undef KEY
#if defined(__i386)
# define KEY '_','_','i','3','8','6'
#elif defined(__x86_64)
# define KEY '_','_','x','8','6','_','6','4'
#elif defined(__ppc__)
# define KEY '_','_','p','p','c','_','_'
#elif defined(__ppc64__)
# define KEY '_','_','p','p','c','6','4','_','_'
#elif defined(__aarch64__)
# define KEY '_','_','a','a','r','c','h','6','4','_','_'
#elif defined(__ARM_ARCH_7A__)
# define KEY '_','_','A','R','M','_','A','R','C','H','_','7','A','_','_'
#elif defined(__ARM_ARCH_7S__)
# define KEY '_','_','A','R','M','_','A','R','C','H','_','7','S','_','_'
#endif

#define SIZE (sizeof(INT32))
static char info_size[] =  {'I', 'N', 'F', 'O', ':', 's','i','z','e','[',
  ('0' + ((SIZE / 10000)%10)),
  ('0' + ((SIZE / 1000)%10)),
  ('0' + ((SIZE / 100)%10)),
  ('0' + ((SIZE / 10)%10)),
  ('0' +  (SIZE    % 10)),
  ']',
#ifdef KEY
  ' ','k','e','y','[', KEY, ']',
#endif
  '\0'};

#ifdef __CLASSIC_C__
int main(argc, argv) int argc; char *argv[];
#else
int main(int argc, char *argv[])
#endif
{
  int require = 0;
  require += info_size[argc];
  (void)argv;
  return require;
}


Determining if the function setmode exists failed with the following output:
Change Dir: /home/tomasz/studia/wbudowane/test3/qbr/build/CMakeFiles/CMakeTmp

Run Build Command(s):/usr/bin/make cmTC_32b71/fast && /usr/bin/make -f CMakeFiles/cmTC_32b71.dir/build.make CMakeFiles/cmTC_32b71.dir/build
make[1]: Wejście do katalogu '/home/tomasz/studia/wbudowane/test3/qbr/build/CMakeFiles/CMakeTmp'
Building C object CMakeFiles/cmTC_32b71.dir/CheckFunctionExists.c.o
/usr/bin/cc   -fsigned-char -W -Wall -Werror=return-type -Werror=address -Werror=sequence-point -Wformat -Werror=format-security -Wmissing-declarations -Wmissing-prototypes -Wstrict-prototypes -Wundef -Winit-self -Wpointer-arith -Wshadow -Wuninitialized -Wno-comment -Wimplicit-fallthrough=3 -Wno-strict-overflow -fdiagnostics-show-option -Wno-long-long -pthread -fomit-frame-pointer -ffunction-sections -fdata-sections  -msse -msse2 -msse3 -fvisibility=hidden -DCHECK_FUNCTION_EXISTS=setmode -O3 -DNDEBUG  -DNDEBUG -fPIE   -o CMakeFiles/cmTC_32b71.dir/CheckFunctionExists.c.o   -c /usr/share/cmake-3.16/Modules/CheckFunctionExists.c
Linking C executable cmTC_32b71
/usr/bin/cmake -E cmake_link_script CMakeFiles/cmTC_32b71.dir/link.txt --verbose=1
/usr/bin/cc    -fsigned-char -W -Wall -Werror=return-type -Werror=address -Werror=sequence-point -Wformat -Werror=format-security -Wmissing-declarations -Wmissing-prototypes -Wstrict-prototypes -Wundef -Winit-self -Wpointer-arith -Wshadow -Wuninitialized -Wno-comment -Wimplicit-fallthrough=3 -Wno-strict-overflow -fdiagnostics-show-option -Wno-long-long -pthread -fomit-frame-pointer -ffunction-sections -fdata-sections  -msse -msse2 -msse3 -fvisibility=hidden -DCHECK_FUNCTION_EXISTS=setmode -O3 -DNDEBUG  -DNDEBUG    -Wl,--gc-sections -Wl,--as-needed  CMakeFiles/cmTC_32b71.dir/CheckFunctionExists.c.o  -o cmTC_32b71 
/usr/bin/ld: CMakeFiles/cmTC_32b71.dir/CheckFunctionExists.c.o: in function `main':
CheckFunctionExists.c:(.text.startup.main+0x10): undefined reference to `setmode'
collect2: error: ld returned 1 exit status
make[1]: *** [CMakeFiles/cmTC_32b71.dir/build.make:87: cmTC_32b71] Błąd 1
make[1]: Opuszczenie katalogu '/home/tomasz/studia/wbudowane/test3/qbr/build/CMakeFiles/CMakeTmp'
make: *** [Makefile:121: cmTC_32b71/fast] Błąd 2



Build output check failed:
    Regex: 'command[- ]line option .* is valid for .* but not for C\+\+'
    Output line: 'cc1plus: warning: command line option ‘-Wno-missing-prototypes’ is valid for C/ObjC but not for C++'
Compilation failed:
    source file: '/home/tomasz/studia/wbudowane/test3/qbr/build/CMakeFiles/CMakeTmp/src.cxx'
    check option: ' -Wno-missing-prototypes'
===== BUILD LOG =====
Change Dir: /home/tomasz/studia/wbudowane/test3/qbr/build/CMakeFiles/CMakeTmp

Run Build Command(s):/usr/bin/make cmTC_75c7c/fast && /usr/bin/make -f CMakeFiles/cmTC_75c7c.dir/build.make CMakeFiles/cmTC_75c7c.dir/build
make[1]: Wejście do katalogu '/home/tomasz/studia/wbudowane/test3/qbr/build/CMakeFiles/CMakeTmp'
Building CXX object CMakeFiles/cmTC_75c7c.dir/src.cxx.o
/usr/bin/c++    -fsigned-char -W -Wall -Werror=return-type -Werror=non-virtual-dtor -Werror=address -Werror=sequence-point -Wformat -Werror=format-security -Wundef -Winit-self -Wpointer-arith -Wshadow -Wsign-promo -Wuninitialized -Wsuggest-override -Wno-delete-non-virtual-dtor -Wno-comment -Wimplicit-fallthrough=3 -Wno-strict-overflow -fdiagnostics-show-option -Wno-long-long -pthread -fomit-frame-pointer -ffunction-sections -fdata-sections  -msse -msse2 -msse3 -fvisibility=hidden -fvisibility-inlines-hidden -Wno-missing-declarations -Wno-unused-parameter  -O3 -DNDEBUG  -DNDEBUG -fPIE    -Wno-missing-prototypes -std=c++11 -o CMakeFiles/cmTC_75c7c.dir/src.cxx.o -c /home/tomasz/studia/wbudowane/test3/qbr/build/CMakeFiles/CMakeTmp/src.cxx
cc1plus: warning: command line option ‘-Wno-missing-prototypes’ is valid for C/ObjC but not for C++
/home/tomasz/studia/wbudowane/test3/qbr/build/CMakeFiles/CMakeTmp/src.cxx:1: warning: ignoring #pragma   [-Wunknown-pragmas]
    1 | #pragma
      | 
Linking CXX executable cmTC_75c7c
/usr/bin/cmake -E cmake_link_script CMakeFiles/cmTC_75c7c.dir/link.txt --verbose=1
/usr/bin/c++     -fsigned-char -W -Wall -Werror=return-type -Werror=non-virtual-dtor -Werror=address -Werror=sequence-point -Wformat -Werror=format-security -Wundef -Winit-self -Wpointer-arith -Wshadow -Wsign-promo -Wuninitialized -Wsuggest-override -Wno-delete-non-virtual-dtor -Wno-comment -Wimplicit-fallthrough=3 -Wno-strict-overflow -fdiagnostics-show-option -Wno-long-long -pthread -fomit-frame-pointer -ffunction-sections -fdata-sections  -msse -msse2 -msse3 -fvisibility=hidden -fvisibility-inlines-hidden -Wno-missing-declarations -Wno-unused-parameter  -O3 -DNDEBUG  -DNDEBUG    -Wl,--gc-sections -Wl,--as-needed  CMakeFiles/cmTC_75c7c.dir/src.cxx.o  -o cmTC_75c7c 
make[1]: Opuszczenie katalogu '/home/tomasz/studia/wbudowane/test3/qbr/build/CMakeFiles/CMakeTmp'


===== END =====

Build output check failed:
    Regex: 'unrecognized .*option'
    Output line: 'cc1: warning: unrecognized command line option ‘-Wno-implicit-const-int-float-conversion’'
Compilation failed:
    source file: '/home/tomasz/studia/wbudowane/test3/qbr/build/CMakeFiles/CMakeTmp/src.c'
    check option: ' -Wno-implicit-const-int-float-conversion'
===== BUILD LOG =====
Change Dir: /home/tomasz/studia/wbudowane/test3/qbr/build/CMakeFiles/CMakeTmp

Run Build Command(s):/usr/bin/make cmTC_c90e7/fast && /usr/bin/make -f CMakeFiles/cmTC_c90e7.dir/build.make CMakeFiles/cmTC_c90e7.dir/build
make[1]: Wejście do katalogu '/home/tomasz/studia/wbudowane/test3/qbr/build/CMakeFiles/CMakeTmp'
Building C object CMakeFiles/cmTC_c90e7.dir/src.c.o
/usr/bin/cc   -fsigned-char -W -Wall -Werror=return-type -Werror=address -Werror=sequence-point -Wformat -Werror=format-security -Wmissing-declarations -Wmissing-prototypes -Wstrict-prototypes -Wundef -Winit-self -Wpointer-arith -Wshadow -Wuninitialized -Wno-comment -Wimplicit-fallthrough=3 -Wno-strict-overflow -fdiagnostics-show-option -Wno-long-long -pthread -fomit-frame-pointer -ffunction-sections -fdata-sections  -msse -msse2 -msse3 -fvisibility=hidden  -O3 -DNDEBUG  -DNDEBUG -fPIE    -Wno-implicit-const-int-float-conversion -o CMakeFiles/cmTC_c90e7.dir/src.c.o   -c /home/tomasz/studia/wbudowane/test3/qbr/build/CMakeFiles/CMakeTmp/src.c
/home/tomasz/studia/wbudowane/test3/qbr/build/CMakeFiles/CMakeTmp/src.c:1: warning: ignoring #pragma   [-Wunknown-pragmas]
    1 | #pragma
      | 
cc1: warning: unrecognized command line option ‘-Wno-implicit-const-int-float-conversion’
Linking C executable cmTC_c90e7
/usr/bin/cmake -E cmake_link_script CMakeFiles/cmTC_c90e7.dir/link.txt --verbose=1
/usr/bin/cc    -fsigned-char -W -Wall -Werror=return-type -Werror=address -Werror=sequence-point -Wformat -Werror=format-security -Wmissing-declarations -Wmissing-prototypes -Wstrict-prototypes -Wundef -Winit-self -Wpointer-arith -Wshadow -Wuninitialized -Wno-comment -Wimplicit-fallthrough=3 -Wno-strict-overflow -fdiagnostics-show-option -Wno-long-long -pthread -fomit-frame-pointer -ffunction-sections -fdata-sections  -msse -msse2 -msse3 -fvisibility=hidden  -O3 -DNDEBUG  -DNDEBUG    -Wl,--gc-sections -Wl,--as-needed  CMakeFiles/cmTC_c90e7.dir/src.c.o  -o cmTC_c90e7 
make[1]: Opuszczenie katalogu '/home/tomasz/studia/wbudowane/test3/qbr/build/CMakeFiles/CMakeTmp'


===== END =====

Determining if the _aligned_malloc exist failed with the following output:
Change Dir: /home/tomasz/studia/wbudowane/test3/qbr/build/CMakeFiles/CMakeTmp

Run Build Command(s):/usr/bin/make cmTC_17aab/fast && /usr/bin/make -f CMakeFiles/cmTC_17aab.dir/build.make CMakeFiles/cmTC_17aab.dir/build
make[1]: Wejście do katalogu '/home/tomasz/studia/wbudowane/test3/qbr/build/CMakeFiles/CMakeTmp'
Building C object CMakeFiles/cmTC_17aab.dir/CheckSymbolExists.c.o
/usr/bin/cc   -fsigned-char -W -Wall -Werror=return-type -Werror=address -Werror=sequence-point -Wformat -Werror=format-security -Wmissing-declarations -Wmissing-prototypes -Wstrict-prototypes -Wundef -Winit-self -Wpointer-arith -Wshadow -Wuninitialized -Wno-comment -Wimplicit-fallthrough=3 -Wno-strict-overflow -fdiagnostics-show-option -Wno-long-long -pthread -fomit-frame-pointer -ffunction-sections -fdata-sections  -msse -msse2 -msse3 -fvisibility=hidden  -O3 -DNDEBUG  -DNDEBUG -fPIE   -o CMakeFiles/cmTC_17aab.dir/CheckSymbolExists.c.o   -c /home/tomasz/studia/wbudowane/test3/qbr/build/CMakeFiles/CMakeTmp/CheckSymbolExists.c
/home/tomasz/studia/wbudowane/test3/qbr/build/CMakeFiles/CMakeTmp/CheckSymbolExists.c: In function ‘main’:
/home/tomasz/studia/wbudowane/test3/qbr/build/CMakeFiles/CMakeTmp/CheckSymbolExists.c:8:19: error: ‘_aligned_malloc’ undeclared (first use in this function)
    8 |   return ((int*)(&_aligned_malloc))[argc];
      |                   ^~~~~~~~~~~~~~~
/home/tomasz/studia/wbudowane/test3/qbr/build/CMakeFiles/CMakeTmp/CheckSymbolExists.c:8:19: note: each undeclared identifier is reported only once for each function it appears in
/home/tomasz/studia/wbudowane/test3/qbr/build/CMakeFiles/CMakeTmp/CheckSymbolExists.c:4:14: warning: parameter ‘argc’ set but not used [-Wunused-but-set-parameter]
    4 | int main(int argc, char** argv)
      |          ~~~~^~~~
make[1]: *** [CMakeFiles/cmTC_17aab.dir/build.make:66: CMakeFiles/cmTC_17aab.dir/CheckSymbolExists.c.o] Błąd 1
make[1]: Opuszczenie katalogu '/home/tomasz/studia/wbudowane/test3/qbr/build/CMakeFiles/CMakeTmp'
make: *** [Makefile:121: cmTC_17aab/fast] Błąd 2


File /home/tomasz/studia/wbudowane/test3/qbr/build/CMakeFiles/CMakeTmp/CheckSymbolExists.c:
/* */
#include <malloc.h>

int main(int argc, char** argv)
{
  (void)argv;
#ifndef _aligned_malloc
  return ((int*)(&_aligned_malloc))[argc];
#else
  (void)argc;
  return 0;
#endif
}
Build output check failed:
    Regex: 'unrecognized .*option'
    Output line: 'cc1plus: warning: unrecognized command line option ‘-Wno-inconsistent-missing-override’'
Compilation failed:
    source file: '/home/tomasz/studia/wbudowane/test3/qbr/build/CMakeFiles/CMakeTmp/src.cxx'
    check option: ' -Wno-inconsistent-missing-override'
===== BUILD LOG =====
Change Dir: /home/tomasz/studia/wbudowane/test3/qbr/build/CMakeFiles/CMakeTmp

Run Build Command(s):/usr/bin/make cmTC_6f11a/fast && /usr/bin/make -f CMakeFiles/cmTC_6f11a.dir/build.make CMakeFiles/cmTC_6f11a.dir/build
make[1]: Wejście do katalogu '/home/tomasz/studia/wbudowane/test3/qbr/build/CMakeFiles/CMakeTmp'
Building CXX object CMakeFiles/cmTC_6f11a.dir/src.cxx.o
/usr/bin/c++    -fsigned-char -W -Wall -Werror=return-type -Werror=non-virtual-dtor -Werror=address -Werror=sequence-point -Wformat -Werror=format-security -Winit-self -Wpointer-arith -Wsign-promo -Wno-delete-non-virtual-dtor -Wno-comment -Wimplicit-fallthrough=3 -Wno-strict-overflow -fdiagnostics-show-option -Wno-long-long -pthread -fomit-frame-pointer -ffunction-sections -fdata-sections  -msse -msse2 -msse3 -fvisibility=hidden -fvisibility-inlines-hidden -Wno-shadow -Wno-unused -Wno-sign-compare -Wno-undef -Wno-missing-declarations -Wno-uninitialized -Wno-switch -Wno-parentheses -Wno-array-bounds -Wno-extra -Wno-deprecated-declarations -Wno-misleading-indentation -Wno-deprecated -Wno-suggest-override  -O3 -DNDEBUG  -DNDEBUG -fPIE    -Wno-inconsistent-missing-override -std=c++11 -o CMakeFiles/cmTC_6f11a.dir/src.cxx.o -c /home/tomasz/studia/wbudowane/test3/qbr/build/CMakeFiles/CMakeTmp/src.cxx
/home/tomasz/studia/wbudowane/test3/qbr/build/CMakeFiles/CMakeTmp/src.cxx:1: warning: ignoring #pragma   [-Wunknown-pragmas]
    1 | #pragma
      | 
cc1plus: warning: unrecognized command line option ‘-Wno-inconsistent-missing-override’
Linking CXX executable cmTC_6f11a
/usr/bin/cmake -E cmake_link_script CMakeFiles/cmTC_6f11a.dir/link.txt --verbose=1
/usr/bin/c++     -fsigned-char -W -Wall -Werror=return-type -Werror=non-virtual-dtor -Werror=address -Werror=sequence-point -Wformat -Werror=format-security -Winit-self -Wpointer-arith -Wsign-promo -Wno-delete-non-virtual-dtor -Wno-comment -Wimplicit-fallthrough=3 -Wno-strict-overflow -fdiagnostics-show-option -Wno-long-long -pthread -fomit-frame-pointer -ffunction-sections -fdata-sections  -msse -msse2 -msse3 -fvisibility=hidden -fvisibility-inlines-hidden -Wno-shadow -Wno-unused -Wno-sign-compare -Wno-undef -Wno-missing-declarations -Wno-uninitialized -Wno-switch -Wno-parentheses -Wno-array-bounds -Wno-extra -Wno-deprecated-declarations -Wno-misleading-indentation -Wno-deprecated -Wno-suggest-override  -O3 -DNDEBUG  -DNDEBUG    -Wl,--gc-sections -Wl,--as-needed  CMakeFiles/cmTC_6f11a.dir/src.cxx.o  -o cmTC_6f11a 
make[1]: Opuszczenie katalogu '/home/tomasz/studia/wbudowane/test3/qbr/build/CMakeFiles/CMakeTmp'


===== END =====

Build output check failed:
    Regex: 'unrecognized .*option'
    Output line: 'cc1plus: warning: unrecognized command line option ‘-Wno-implicit-const-int-float-conversion’'
Compilation failed:
    source file: '/home/tomasz/studia/wbudowane/test3/qbr/build/CMakeFiles/CMakeTmp/src.cxx'
    check option: ' -Wno-implicit-const-int-float-conversion'
===== BUILD LOG =====
Change Dir: /home/tomasz/studia/wbudowane/test3/qbr/build/CMakeFiles/CMakeTmp

Run Build Command(s):/usr/bin/make cmTC_39b7d/fast && /usr/bin/make -f CMakeFiles/cmTC_39b7d.dir/build.make CMakeFiles/cmTC_39b7d.dir/build
make[1]: Wejście do katalogu '/home/tomasz/studia/wbudowane/test3/qbr/build/CMakeFiles/CMakeTmp'
Building CXX object CMakeFiles/cmTC_39b7d.dir/src.cxx.o
/usr/bin/c++    -fsigned-char -W -Wall -Werror=return-type -Werror=non-virtual-dtor -Werror=address -Werror=sequence-point -Wformat -Werror=format-security -Winit-self -Wpointer-arith -Wsign-promo -Wno-delete-non-virtual-dtor -Wno-comment -Wno-strict-overflow -fdiagnostics-show-option -Wno-long-long -pthread -fomit-frame-pointer -ffunction-sections -fdata-sections  -msse -msse2 -msse3 -fvisibility=hidden -fvisibility-inlines-hidden -Wno-shadow -Wno-unused -Wno-sign-compare -Wno-undef -Wno-missing-declarations -Wno-uninitialized -Wno-switch -Wno-parentheses -Wno-array-bounds -Wno-extra -Wno-deprecated-declarations -Wno-misleading-indentation -Wno-deprecated -Wno-suggest-override -Wno-implicit-fallthrough -Wno-tautological-compare -Wno-reorder -Wno-unused-result  -O3 -DNDEBUG  -DNDEBUG -fPIE    -Wno-implicit-const-int-float-conversion -std=c++11 -o CMakeFiles/cmTC_39b7d.dir/src.cxx.o -c /home/tomasz/studia/wbudowane/test3/qbr/build/CMakeFiles/CMakeTmp/src.cxx
/home/tomasz/studia/wbudowane/test3/qbr/build/CMakeFiles/CMakeTmp/src.cxx:1: warning: ignoring #pragma   [-Wunknown-pragmas]
    1 | #pragma
      | 
cc1plus: warning: unrecognized command line option ‘-Wno-implicit-const-int-float-conversion’
Linking CXX executable cmTC_39b7d
/usr/bin/cmake -E cmake_link_script CMakeFiles/cmTC_39b7d.dir/link.txt --verbose=1
/usr/bin/c++     -fsigned-char -W -Wall -Werror=return-type -Werror=non-virtual-dtor -Werror=address -Werror=sequence-point -Wformat -Werror=format-security -Winit-self -Wpointer-arith -Wsign-promo -Wno-delete-non-virtual-dtor -Wno-comment -Wno-strict-overflow -fdiagnostics-show-option -Wno-long-long -pthread -fomit-frame-pointer -ffunction-sections -fdata-sections  -msse -msse2 -msse3 -fvisibility=hidden -fvisibility-inlines-hidden -Wno-shadow -Wno-unused -Wno-sign-compare -Wno-undef -Wno-missing-declarations -Wno-uninitialized -Wno-switch -Wno-parentheses -Wno-array-bounds -Wno-extra -Wno-deprecated-declarations -Wno-misleading-indentation -Wno-deprecated -Wno-suggest-override -Wno-implicit-fallthrough -Wno-tautological-compare -Wno-reorder -Wno-unused-result  -O3 -DNDEBUG  -DNDEBUG    -Wl,--gc-sections -Wl,--as-needed  CMakeFiles/cmTC_39b7d.dir/src.cxx.o  -o cmTC_39b7d 
make[1]: Opuszczenie katalogu '/home/tomasz/studia/wbudowane/test3/qbr/build/CMakeFiles/CMakeTmp'


===== END =====

Determining if the function sgemm_ exists failed with the following output:
Change Dir: /home/tomasz/studia/wbudowane/test3/qbr/build/CMakeFiles/CMakeTmp

Run Build Command(s):/usr/bin/make cmTC_87e9c/fast && /usr/bin/make -f CMakeFiles/cmTC_87e9c.dir/build.make CMakeFiles/cmTC_87e9c.dir/build
make[1]: Wejście do katalogu '/home/tomasz/studia/wbudowane/test3/qbr/build/CMakeFiles/CMakeTmp'
Building C object CMakeFiles/cmTC_87e9c.dir/CheckFunctionExists.c.o
/usr/bin/cc   -fsigned-char -W -Wall -Werror=return-type -Werror=address -Werror=sequence-point -Wformat -Werror=format-security -Wmissing-declarations -Wmissing-prototypes -Wstrict-prototypes -Wundef -Winit-self -Wpointer-arith -Wshadow -Wuninitialized -Wno-comment -Wimplicit-fallthrough=3 -Wno-strict-overflow -fdiagnostics-show-option -Wno-long-long -pthread -fomit-frame-pointer -ffunction-sections -fdata-sections  -msse -msse2 -msse3 -fvisibility=hidden -DCHECK_FUNCTION_EXISTS=sgemm_ -O3 -DNDEBUG  -DNDEBUG -fPIE   -o CMakeFiles/cmTC_87e9c.dir/CheckFunctionExists.c.o   -c /usr/share/cmake-3.16/Modules/CheckFunctionExists.c
Linking C executable cmTC_87e9c
/usr/bin/cmake -E cmake_link_script CMakeFiles/cmTC_87e9c.dir/link.txt --verbose=1
/usr/bin/cc    -fsigned-char -W -Wall -Werror=return-type -Werror=address -Werror=sequence-point -Wformat -Werror=format-security -Wmissing-declarations -Wmissing-prototypes -Wstrict-prototypes -Wundef -Winit-self -Wpointer-arith -Wshadow -Wuninitialized -Wno-comment -Wimplicit-fallthrough=3 -Wno-strict-overflow -fdiagnostics-show-option -Wno-long-long -pthread -fomit-frame-pointer -ffunction-sections -fdata-sections  -msse -msse2 -msse3 -fvisibility=hidden -DCHECK_FUNCTION_EXISTS=sgemm_ -O3 -DNDEBUG  -DNDEBUG    -Wl,--gc-sections -Wl,--as-needed  CMakeFiles/cmTC_87e9c.dir/CheckFunctionExists.c.o  -o cmTC_87e9c 
/usr/bin/ld: CMakeFiles/cmTC_87e9c.dir/CheckFunctionExists.c.o: in function `main':
CheckFunctionExists.c:(.text.startup.main+0x10): undefined reference to `sgemm_'
collect2: error: ld returned 1 exit status
make[1]: *** [CMakeFiles/cmTC_87e9c.dir/build.make:87: cmTC_87e9c] Błąd 1
make[1]: Opuszczenie katalogu '/home/tomasz/studia/wbudowane/test3/qbr/build/CMakeFiles/CMakeTmp'
make: *** [Makefile:121: cmTC_87e9c/fast] Błąd 2



Build output check failed:
    Regex: 'unrecognized .*option'
    Output line: 'cc1plus: warning: unrecognized command line option ‘-Wno-tautological-undefined-compare’'
Compilation failed:
    source file: '/home/tomasz/studia/wbudowane/test3/qbr/build/CMakeFiles/CMakeTmp/src.cxx'
    check option: ' -Wno-tautological-undefined-compare'
===== BUILD LOG =====
Change Dir: /home/tomasz/studia/wbudowane/test3/qbr/build/CMakeFiles/CMakeTmp

Run Build Command(s):/usr/bin/make cmTC_91b23/fast && /usr/bin/make -f CMakeFiles/cmTC_91b23.dir/build.make CMakeFiles/cmTC_91b23.dir/build
make[1]: Wejście do katalogu '/home/tomasz/studia/wbudowane/test3/qbr/build/CMakeFiles/CMakeTmp'
Building CXX object CMakeFiles/cmTC_91b23.dir/src.cxx.o
/usr/bin/c++    -fsigned-char -W -Wall -Werror=return-type -Werror=non-virtual-dtor -Werror=address -Werror=sequence-point -Wformat -Werror=format-security -Winit-self -Wpointer-arith -Wuninitialized -Wsuggest-override -Wno-delete-non-virtual-dtor -Wno-comment -Wimplicit-fallthrough=3 -Wno-strict-overflow -fdiagnostics-show-option -Wno-long-long -pthread -fomit-frame-pointer -ffunction-sections -fdata-sections  -msse -msse2 -msse3 -fvisibility=hidden -fvisibility-inlines-hidden -Wno-deprecated -Wno-missing-declarations -Wno-shadow -Wno-unused-parameter -Wno-unused-local-typedefs -Wno-sign-compare -Wno-sign-promo -Wno-undef  -O3 -DNDEBUG  -DNDEBUG -fPIE    -Wno-tautological-undefined-compare -std=c++11 -o CMakeFiles/cmTC_91b23.dir/src.cxx.o -c /home/tomasz/studia/wbudowane/test3/qbr/build/CMakeFiles/CMakeTmp/src.cxx
/home/tomasz/studia/wbudowane/test3/qbr/build/CMakeFiles/CMakeTmp/src.cxx:1: warning: ignoring #pragma   [-Wunknown-pragmas]
    1 | #pragma
      | 
cc1plus: warning: unrecognized command line option ‘-Wno-tautological-undefined-compare’
Linking CXX executable cmTC_91b23
/usr/bin/cmake -E cmake_link_script CMakeFiles/cmTC_91b23.dir/link.txt --verbose=1
/usr/bin/c++     -fsigned-char -W -Wall -Werror=return-type -Werror=non-virtual-dtor -Werror=address -Werror=sequence-point -Wformat -Werror=format-security -Winit-self -Wpointer-arith -Wuninitialized -Wsuggest-override -Wno-delete-non-virtual-dtor -Wno-comment -Wimplicit-fallthrough=3 -Wno-strict-overflow -fdiagnostics-show-option -Wno-long-long -pthread -fomit-frame-pointer -ffunction-sections -fdata-sections  -msse -msse2 -msse3 -fvisibility=hidden -fvisibility-inlines-hidden -Wno-deprecated -Wno-missing-declarations -Wno-shadow -Wno-unused-parameter -Wno-unused-local-typedefs -Wno-sign-compare -Wno-sign-promo -Wno-undef  -O3 -DNDEBUG  -DNDEBUG    -Wl,--gc-sections -Wl,--as-needed  CMakeFiles/cmTC_91b23.dir/src.cxx.o  -o cmTC_91b23 
make[1]: Opuszczenie katalogu '/home/tomasz/studia/wbudowane/test3/qbr/build/CMakeFiles/CMakeTmp'


===== END =====

Build output check failed:
    Regex: 'unrecognized .*option'
    Output line: 'cc1plus: warning: unrecognized command line option ‘-Wno-shorten-64-to-32’'
Compilation failed:
    source file: '/home/tomasz/studia/wbudowane/test3/qbr/build/CMakeFiles/CMakeTmp/src.cxx'
    check option: ' -Wno-shorten-64-to-32'
===== BUILD LOG =====
Change Dir: /home/tomasz/studia/wbudowane/test3/qbr/build/CMakeFiles/CMakeTmp

Run Build Command(s):/usr/bin/make cmTC_def33/fast && /usr/bin/make -f CMakeFiles/cmTC_def33.dir/build.make CMakeFiles/cmTC_def33.dir/build
make[1]: Wejście do katalogu '/home/tomasz/studia/wbudowane/test3/qbr/build/CMakeFiles/CMakeTmp'
Building CXX object CMakeFiles/cmTC_def33.dir/src.cxx.o
/usr/bin/c++    -fsigned-char -W -Wall -Werror=return-type -Werror=non-virtual-dtor -Werror=address -Werror=sequence-point -Wformat -Werror=format-security -Winit-self -Wpointer-arith -Wuninitialized -Wsuggest-override -Wno-delete-non-virtual-dtor -Wno-comment -Wimplicit-fallthrough=3 -Wno-strict-overflow -fdiagnostics-show-option -Wno-long-long -pthread -fomit-frame-pointer -ffunction-sections -fdata-sections  -msse -msse2 -msse3 -fvisibility=hidden -fvisibility-inlines-hidden -Wno-deprecated -Wno-missing-declarations -Wno-shadow -Wno-unused-parameter -Wno-unused-local-typedefs -Wno-sign-compare -Wno-sign-promo -Wno-undef -Wno-ignored-qualifiers -Wno-extra -Wno-unused-function -Wno-unused-const-variable  -O3 -DNDEBUG  -DNDEBUG -fPIE    -Wno-shorten-64-to-32 -std=c++11 -o CMakeFiles/cmTC_def33.dir/src.cxx.o -c /home/tomasz/studia/wbudowane/test3/qbr/build/CMakeFiles/CMakeTmp/src.cxx
/home/tomasz/studia/wbudowane/test3/qbr/build/CMakeFiles/CMakeTmp/src.cxx:1: warning: ignoring #pragma   [-Wunknown-pragmas]
    1 | #pragma
      | 
cc1plus: warning: unrecognized command line option ‘-Wno-shorten-64-to-32’
Linking CXX executable cmTC_def33
/usr/bin/cmake -E cmake_link_script CMakeFiles/cmTC_def33.dir/link.txt --verbose=1
/usr/bin/c++     -fsigned-char -W -Wall -Werror=return-type -Werror=non-virtual-dtor -Werror=address -Werror=sequence-point -Wformat -Werror=format-security -Winit-self -Wpointer-arith -Wuninitialized -Wsuggest-override -Wno-delete-non-virtual-dtor -Wno-comment -Wimplicit-fallthrough=3 -Wno-strict-overflow -fdiagnostics-show-option -Wno-long-long -pthread -fomit-frame-pointer -ffunction-sections -fdata-sections  -msse -msse2 -msse3 -fvisibility=hidden -fvisibility-inlines-hidden -Wno-deprecated -Wno-missing-declarations -Wno-shadow -Wno-unused-parameter -Wno-unused-local-typedefs -Wno-sign-compare -Wno-sign-promo -Wno-undef -Wno-ignored-qualifiers -Wno-extra -Wno-unused-function -Wno-unused-const-variable  -O3 -DNDEBUG  -DNDEBUG    -Wl,--gc-sections -Wl,--as-needed  CMakeFiles/cmTC_def33.dir/src.cxx.o  -o cmTC_def33 
make[1]: Opuszczenie katalogu '/home/tomasz/studia/wbudowane/test3/qbr/build/CMakeFiles/CMakeTmp'


===== END =====

Build output check failed:
    Regex: 'unrecognized .*option'
    Output line: 'cc1plus: warning: unrecognized command line option ‘-Wno-enum-compare-switch’'
Compilation failed:
    source file: '/home/tomasz/studia/wbudowane/test3/qbr/build/CMakeFiles/CMakeTmp/src.cxx'
    check option: ' -Wno-enum-compare-switch'
===== BUILD LOG =====
Change Dir: /home/tomasz/studia/wbudowane/test3/qbr/build/CMakeFiles/CMakeTmp

Run Build Command(s):/usr/bin/make cmTC_34d3b/fast && /usr/bin/make -f CMakeFiles/cmTC_34d3b.dir/build.make CMakeFiles/cmTC_34d3b.dir/build
make[1]: Wejście do katalogu '/home/tomasz/studia/wbudowane/test3/qbr/build/CMakeFiles/CMakeTmp'
Building CXX object CMakeFiles/cmTC_34d3b.dir/src.cxx.o
/usr/bin/c++    -fsigned-char -W -Wall -Werror=return-type -Werror=non-virtual-dtor -Werror=address -Werror=sequence-point -Wformat -Werror=format-security -Winit-self -Wpointer-arith -Wuninitialized -Wsuggest-override -Wno-delete-non-virtual-dtor -Wno-comment -Wimplicit-fallthrough=3 -Wno-strict-overflow -fdiagnostics-show-option -Wno-long-long -pthread -fomit-frame-pointer -ffunction-sections -fdata-sections  -msse -msse2 -msse3 -fvisibility=hidden -fvisibility-inlines-hidden -Wno-deprecated -Wno-missing-declarations -Wno-shadow -Wno-unused-parameter -Wno-unused-local-typedefs -Wno-sign-compare -Wno-sign-promo -Wno-undef -Wno-ignored-qualifiers -Wno-extra -Wno-unused-function -Wno-unused-const-variable -Wno-invalid-offsetof  -O3 -DNDEBUG  -DNDEBUG -fPIE    -Wno-enum-compare-switch -std=c++11 -o CMakeFiles/cmTC_34d3b.dir/src.cxx.o -c /home/tomasz/studia/wbudowane/test3/qbr/build/CMakeFiles/CMakeTmp/src.cxx
/home/tomasz/studia/wbudowane/test3/qbr/build/CMakeFiles/CMakeTmp/src.cxx:1: warning: ignoring #pragma   [-Wunknown-pragmas]
    1 | #pragma
      | 
cc1plus: warning: unrecognized command line option ‘-Wno-enum-compare-switch’
Linking CXX executable cmTC_34d3b
/usr/bin/cmake -E cmake_link_script CMakeFiles/cmTC_34d3b.dir/link.txt --verbose=1
/usr/bin/c++     -fsigned-char -W -Wall -Werror=return-type -Werror=non-virtual-dtor -Werror=address -Werror=sequence-point -Wformat -Werror=format-security -Winit-self -Wpointer-arith -Wuninitialized -Wsuggest-override -Wno-delete-non-virtual-dtor -Wno-comment -Wimplicit-fallthrough=3 -Wno-strict-overflow -fdiagnostics-show-option -Wno-long-long -pthread -fomit-frame-pointer -ffunction-sections -fdata-sections  -msse -msse2 -msse3 -fvisibility=hidden -fvisibility-inlines-hidden -Wno-deprecated -Wno-missing-declarations -Wno-shadow -Wno-unused-parameter -Wno-unused-local-typedefs -Wno-sign-compare -Wno-sign-promo -Wno-undef -Wno-ignored-qualifiers -Wno-extra -Wno-unused-function -Wno-unused-const-variable -Wno-invalid-offsetof  -O3 -DNDEBUG  -DNDEBUG    -Wl,--gc-sections -Wl,--as-needed  CMakeFiles/cmTC_34d3b.dir/src.cxx.o  -o cmTC_34d3b 
make[1]: Opuszczenie katalogu '/home/tomasz/studia/wbudowane/test3/qbr/build/CMakeFiles/CMakeTmp'


===== END =====

Determining if the include file sys/videoio.h exists failed with the following output:
Change Dir: /home/tomasz/studia/wbudowane/test3/qbr/build/CMakeFiles/CMakeTmp

Run Build Command(s):/usr/bin/make cmTC_cb037/fast && /usr/bin/make -f CMakeFiles/cmTC_cb037.dir/build.make CMakeFiles/cmTC_cb037.dir/build
make[1]: Wejście do katalogu '/home/tomasz/studia/wbudowane/test3/qbr/build/CMakeFiles/CMakeTmp'
Building C object CMakeFiles/cmTC_cb037.dir/CheckIncludeFile.c.o
/usr/bin/cc   -fsigned-char -W -Wall -Werror=return-type -Werror=address -Werror=sequence-point -Wformat -Werror=format-security -Wmissing-declarations -Wmissing-prototypes -Wstrict-prototypes -Wundef -Winit-self -Wpointer-arith -Wshadow -Wuninitialized -Wno-comment -Wimplicit-fallthrough=3 -Wno-strict-overflow -fdiagnostics-show-option -Wno-long-long -pthread -fomit-frame-pointer -ffunction-sections -fdata-sections  -msse -msse2 -msse3 -fvisibility=hidden  -O3 -DNDEBUG  -DNDEBUG -fPIE   -o CMakeFiles/cmTC_cb037.dir/CheckIncludeFile.c.o   -c /home/tomasz/studia/wbudowane/test3/qbr/build/CMakeFiles/CMakeTmp/CheckIncludeFile.c
/home/tomasz/studia/wbudowane/test3/qbr/build/CMakeFiles/CMakeTmp/CheckIncludeFile.c:1:10: fatal error: sys/videoio.h: Nie ma takiego pliku ani katalogu
    1 | #include <sys/videoio.h>
      |          ^~~~~~~~~~~~~~~
compilation terminated.
make[1]: *** [CMakeFiles/cmTC_cb037.dir/build.make:66: CMakeFiles/cmTC_cb037.dir/CheckIncludeFile.c.o] Błąd 1
make[1]: Opuszczenie katalogu '/home/tomasz/studia/wbudowane/test3/qbr/build/CMakeFiles/CMakeTmp'
make: *** [Makefile:121: cmTC_cb037/fast] Błąd 2



Build output check failed:
    Regex: 'unrecognized .*option'
    Output line: 'cc1plus: warning: unrecognized command line option ‘-Wno-unused-private-field’'
Compilation failed:
    source file: '/home/tomasz/studia/wbudowane/test3/qbr/build/CMakeFiles/CMakeTmp/src.cxx'
    check option: ' -Wno-unused-private-field'
===== BUILD LOG =====
Change Dir: /home/tomasz/studia/wbudowane/test3/qbr/build/CMakeFiles/CMakeTmp

Run Build Command(s):/usr/bin/make cmTC_97e03/fast && /usr/bin/make -f CMakeFiles/cmTC_97e03.dir/build.make CMakeFiles/cmTC_97e03.dir/build
make[1]: Wejście do katalogu '/home/tomasz/studia/wbudowane/test3/qbr/build/CMakeFiles/CMakeTmp'
Building CXX object CMakeFiles/cmTC_97e03.dir/src.cxx.o
/usr/bin/c++    -fsigned-char -W -Wall -Werror=return-type -Werror=non-virtual-dtor -Werror=address -Werror=sequence-point -Wformat -Werror=format-security -Wmissing-declarations -Wundef -Winit-self -Wpointer-arith -Wshadow -Wsign-promo -Wuninitialized -Wsuggest-override -Wno-delete-non-virtual-dtor -Wno-comment -Wimplicit-fallthrough=3 -Wno-strict-overflow -fdiagnostics-show-option -Wno-long-long -pthread -fomit-frame-pointer -ffunction-sections -fdata-sections  -msse -msse2 -msse3 -fvisibility=hidden -fvisibility-inlines-hidden -Wno-unused-function -Wno-deprecated-declarations -Wno-overloaded-virtual  -O3 -DNDEBUG  -DNDEBUG -fPIE    -Wno-unused-private-field -std=c++11 -o CMakeFiles/cmTC_97e03.dir/src.cxx.o -c /home/tomasz/studia/wbudowane/test3/qbr/build/CMakeFiles/CMakeTmp/src.cxx
/home/tomasz/studia/wbudowane/test3/qbr/build/CMakeFiles/CMakeTmp/src.cxx:1: warning: ignoring #pragma   [-Wunknown-pragmas]
    1 | #pragma
      | 
cc1plus: warning: unrecognized command line option ‘-Wno-unused-private-field’
Linking CXX executable cmTC_97e03
/usr/bin/cmake -E cmake_link_script CMakeFiles/cmTC_97e03.dir/link.txt --verbose=1
/usr/bin/c++     -fsigned-char -W -Wall -Werror=return-type -Werror=non-virtual-dtor -Werror=address -Werror=sequence-point -Wformat -Werror=format-security -Wmissing-declarations -Wundef -Winit-self -Wpointer-arith -Wshadow -Wsign-promo -Wuninitialized -Wsuggest-override -Wno-delete-non-virtual-dtor -Wno-comment -Wimplicit-fallthrough=3 -Wno-strict-overflow -fdiagnostics-show-option -Wno-long-long -pthread -fomit-frame-pointer -ffunction-sections -fdata-sections  -msse -msse2 -msse3 -fvisibility=hidden -fvisibility-inlines-hidden -Wno-unused-function -Wno-deprecated-declarations -Wno-overloaded-virtual  -O3 -DNDEBUG  -DNDEBUG    -Wl,--gc-sections -Wl,--as-needed  CMakeFiles/cmTC_97e03.dir/src.cxx.o  -o cmTC_97e03 
make[1]: Opuszczenie katalogu '/home/tomasz/studia/wbudowane/test3/qbr/build/CMakeFiles/CMakeTmp'


===== END =====

